-encoding
UTF-8
-source
1.5
-target
1.5
-classpath
/home/00416023908/.m2/repository/antlr/antlr/2.7.6/antlr-2.7.6.jar:/home/00416023908/.m2/repository/asm/asm/1.5.3/asm-1.5.3.jar:/home/00416023908/.m2/repository/asm/asm-attrs/1.5.3/asm-attrs-1.5.3.jar:/home/00416023908/.m2/repository/batik/batik-awt-util/1.6-1/batik-awt-util-1.6-1.jar:/home/00416023908/.m2/repository/batik/batik-ext/1.6-1/batik-ext-1.6-1.jar:/home/00416023908/.m2/repository/batik/batik-gui-util/1.6-1/batik-gui-util-1.6-1.jar:/home/00416023908/.m2/repository/batik/batik-util/1.6-1/batik-util-1.6-1.jar:/home/00416023908/.m2/repository/bouncycastle/bcmail-jdk14/138/bcmail-jdk14-138.jar:/home/00416023908/.m2/repository/bouncycastle/bcprov-jdk14/138/bcprov-jdk14-138.jar:/home/00416023908/.m2/repository/br/gov/component/demoiselle/demoiselle-hibernate/1.1.0-SNAPSHOT/demoiselle-hibernate-1.1.0-SNAPSHOT.jar:/home/00416023908/.m2/repository/br/gov/framework/demoiselle/demoiselle-core/1.2.3-SNAPSHOT/demoiselle-core-1.2.3-SNAPSHOT.jar:/home/00416023908/.m2/repository/br/gov/framework/demoiselle/demoiselle-persistence/1.2.3-SNAPSHOT/demoiselle-persistence-1.2.3-SNAPSHOT.jar:/home/00416023908/.m2/repository/br/gov/framework/demoiselle/demoiselle-util/1.2.3-SNAPSHOT/demoiselle-util-1.2.3-SNAPSHOT.jar:/home/00416023908/.m2/repository/br/gov/framework/demoiselle/demoiselle-view/1.2.3-SNAPSHOT/demoiselle-view-1.2.3-SNAPSHOT.jar:/home/00416023908/.m2/repository/br/gov/framework/demoiselle/demoiselle-web/1.2.3-SNAPSHOT/demoiselle-web-1.2.3-SNAPSHOT.jar:/home/00416023908/.m2/repository/cglib/cglib/2.1_3/cglib-2.1_3.jar:/home/00416023908/.m2/repository/com/lowagie/itext/2.1.7/itext-2.1.7.jar:/home/00416023908/.m2/repository/com/sun/facelets/jsf-facelets/1.1.15/jsf-facelets-1.1.15.jar:/home/00416023908/.m2/repository/commons-beanutils/commons-beanutils/1.8.0/commons-beanutils-1.8.0.jar:/home/00416023908/.m2/repository/commons-beanutils/commons-beanutils-core/1.7.0/commons-beanutils-core-1.7.0.jar:/home/00416023908/.m2/repository/commons-codec/commons-codec/1.3/commons-codec-1.3.jar:/home/00416023908/.m2/repository/commons-collections/commons-collections/2.1/commons-collections-2.1.jar:/home/00416023908/.m2/repository/commons-configuration/commons-configuration/1.5/commons-configuration-1.5.jar:/home/00416023908/.m2/repository/commons-digester/commons-digester/1.7/commons-digester-1.7.jar:/home/00416023908/.m2/repository/commons-el/commons-el/1.0/commons-el-1.0.jar:/home/00416023908/.m2/repository/commons-fileupload/commons-fileupload/1.2.1/commons-fileupload-1.2.1.jar:/home/00416023908/.m2/repository/commons-io/commons-io/1.3.2/commons-io-1.3.2.jar:/home/00416023908/.m2/repository/commons-lang/commons-lang/2.4/commons-lang-2.4.jar:/home/00416023908/.m2/repository/commons-logging/commons-logging/1.0.2/commons-logging-1.0.2.jar:/home/00416023908/.m2/repository/commons-validator/commons-validator/1.3.1/commons-validator-1.3.1.jar:/home/00416023908/.m2/repository/dom4j/dom4j/1.6.1/dom4j-1.6.1.jar:/home/00416023908/.m2/repository/eclipse/jdtcore/3.1.0/jdtcore-3.1.0.jar:/home/00416023908/.m2/repository/jasperreports/jasperreports/3.7.1/jasperreports-3.7.1.jar:/home/00416023908/.m2/repository/javax/el/el-api/1.0/el-api-1.0.jar:/home/00416023908/.m2/repository/javax/faces/jsf-api/1.2_08/jsf-api-1.2_08.jar:/home/00416023908/.m2/repository/javax/faces/jsf-impl/1.2_08/jsf-impl-1.2_08.jar:/home/00416023908/.m2/repository/javax/persistence/persistence-api/1.0/persistence-api-1.0.jar:/home/00416023908/.m2/repository/javax/servlet/jstl/1.1.0/jstl-1.1.0.jar:/home/00416023908/.m2/repository/javax/servlet/servlet-api/2.5/servlet-api-2.5.jar:/home/00416023908/.m2/repository/javax/servlet/jsp/jsp-api/2.1/jsp-api-2.1.jar:/home/00416023908/.m2/repository/javax/transaction/jta/1.0.1B/jta-1.0.1B.jar:/home/00416023908/.m2/repository/jfree/jcommon/1.0.15/jcommon-1.0.15.jar:/home/00416023908/.m2/repository/jfree/jfreechart/1.0.12/jfreechart-1.0.12.jar:/home/00416023908/.m2/repository/junit/junit/4.5/junit-4.5.jar:/home/00416023908/.m2/repository/log4j/log4j/1.2.14/log4j-1.2.14.jar:/home/00416023908/.m2/repository/net/sf/ehcache/ehcache/1.6.2/ehcache-1.6.2.jar:/home/00416023908/.m2/repository/org/apache/myfaces/tomahawk/tomahawk/1.1.7/tomahawk-1.1.7.jar:/home/00416023908/.m2/repository/org/aspectj/aspectjrt/1.5.4/aspectjrt-1.5.4.jar:/home/00416023908/.m2/repository/org/bouncycastle/bcmail-jdk14/1.38/bcmail-jdk14-1.38.jar:/home/00416023908/.m2/repository/org/bouncycastle/bcprov-jdk14/1.38/bcprov-jdk14-1.38.jar:/home/00416023908/.m2/repository/org/bouncycastle/bctsp-jdk14/1.38/bctsp-jdk14-1.38.jar:/home/00416023908/.m2/repository/org/hibernate/hibernate/3.2.2.ga/hibernate-3.2.2.ga.jar:/home/00416023908/.m2/repository/org/hibernate/hibernate-annotations/3.2.1.ga/hibernate-annotations-3.2.1.ga.jar:/home/00416023908/.m2/repository/org/richfaces/framework/richfaces-api/3.3.1.GA/richfaces-api-3.3.1.GA.jar:/home/00416023908/.m2/repository/org/richfaces/framework/richfaces-impl/3.3.1.GA/richfaces-impl-3.3.1.GA.jar:/home/00416023908/.m2/repository/org/richfaces/ui/richfaces-ui/3.3.1.GA/richfaces-ui-3.3.1.GA.jar:/home/00416023908/.m2/repository/oro/oro/2.0.8/oro-2.0.8.jar:/home/00416023908/.m2/repository/xml-apis/xml-apis/1.3.02/xml-apis-1.3.02.jar:/home/00416023908/.m2/repository/xml-apis/xmlParserAPIs/2.0.2/xmlParserAPIs-2.0.2.jar:/home/00416023908/Java/workspace/exemplo-webapp/target/classes
-aspectpath
/home/00416023908/.m2/repository/br/gov/framework/demoiselle/demoiselle-web/1.2.3-SNAPSHOT/demoiselle-web-1.2.3-SNAPSHOT.jar
-d
/home/00416023908/Java/workspace/exemplo-webapp/target/classes
/home/00416023908/Java/workspace/exemplo-webapp/src/main/java/br/gov/serpro/exemplo/webapp/persistence/package-info.java
/home/00416023908/Java/workspace/exemplo-webapp/src/main/java/br/gov/serpro/exemplo/webapp/package-info.java
/home/00416023908/Java/workspace/exemplo-webapp/src/main/java/br/gov/serpro/exemplo/webapp/persistence/dao/implementation/package-info.java
/home/00416023908/Java/workspace/exemplo-webapp/src/main/java/br/gov/serpro/exemplo/webapp/view/package-info.java
/home/00416023908/Java/workspace/exemplo-webapp/src/main/java/br/gov/serpro/exemplo/webapp/constant/package-info.java
/home/00416023908/Java/workspace/exemplo-webapp/src/main/java/br/gov/serpro/exemplo/webapp/message/package-info.java
/home/00416023908/Java/workspace/exemplo-webapp/src/main/java/br/gov/serpro/exemplo/webapp/bean/package-info.java
/home/00416023908/Java/workspace/exemplo-webapp/src/main/java/br/gov/serpro/exemplo/webapp/business/package-info.java
/home/00416023908/Java/workspace/exemplo-webapp/src/main/java/br/gov/serpro/exemplo/webapp/business/implementation/package-info.java
/home/00416023908/Java/workspace/exemplo-webapp/src/main/java/br/gov/serpro/exemplo/webapp/persistence/dao/package-info.java
/home/00416023908/Java/workspace/exemplo-webapp/src/main/java/br/gov/serpro/exemplo/webapp/bean/Contato.java
/home/00416023908/Java/workspace/exemplo-webapp/src/main/java/br/gov/serpro/exemplo/webapp/bean/Pessoa.java
/home/00416023908/Java/workspace/exemplo-webapp/src/main/java/br/gov/serpro/exemplo/webapp/view/managedbean/package-info.java
/home/00416023908/Java/workspace/exemplo-webapp/src/main/java/br/gov/serpro/exemplo/webapp/ViewServlet.java
